<?xml version="1.0" encoding="utf-8"?><testsuites name="pytest tests"><testsuite name="pytest" errors="0" failures="0" skipped="0" tests="23" time="21.702" timestamp="2026-05-15T13:26:39.109073+00:00" hostname="agent-env-dacfce02-8a07-4459-a12d-3a21f3665e20"><testcase classname="backend.tests.test_checkout_outfits.TestAuthProtection" name="test_checkout_session_post_requires_auth" time="0.311" /><testcase classname="backend.tests.test_checkout_outfits.TestAuthProtection" name="test_checkout_session_get_requires_auth" time="0.142" /><testcase classname="backend.tests.test_checkout_outfits.TestAuthProtection" name="test_orders_requires_auth" time="0.143" /><testcase classname="backend.tests.test_checkout_outfits.TestAuthProtection" name="test_outfits_list_requires_auth" time="0.116" /><testcase classname="backend.tests.test_checkout_outfits.TestAuthProtection" name="test_outfits_create_requires_auth" time="0.121" /><testcase classname="backend.tests.test_checkout_outfits.TestAuthProtection" name="test_outfits_style_requires_auth" time="0.142" /><testcase classname="backend.tests.test_checkout_outfits.TestAuthProtection" name="test_outfits_add_to_cart_requires_auth" time="0.148" /><testcase classname="backend.tests.test_checkout_outfits.TestAuthProtection" name="test_outfits_delete_requires_auth" time="0.215" /><testcase classname="backend.tests.test_checkout_outfits.TestCheckout" name="test_empty_cart_returns_400" time="0.484" /><testcase classname="backend.tests.test_checkout_outfits.TestCheckout" name="test_create_session_with_items_returns_demo" time="1.190" /><testcase classname="backend.tests.test_checkout_outfits.TestCheckout" name="test_verify_demo_session_pays_and_clears_cart" time="1.147" /><testcase classname="backend.tests.test_checkout_outfits.TestCheckout" name="test_verify_invalid_session_returns_404" time="0.378" /><testcase classname="backend.tests.test_checkout_outfits.TestCheckout" name="test_other_user_cannot_verify_session" time="1.059" /><testcase classname="backend.tests.test_checkout_outfits.TestCheckout" name="test_orders_sorted_desc" time="1.012" /><testcase classname="backend.tests.test_checkout_outfits.TestOutfits" name="test_style_empty_returns_400" time="0.388" /><testcase classname="backend.tests.test_checkout_outfits.TestOutfits" name="test_style_invalid_ids_returns_404" time="0.390" /><testcase classname="backend.tests.test_checkout_outfits.TestOutfits" name="test_style_returns_ai_text_and_products" time="10.789" /><testcase classname="backend.tests.test_checkout_outfits.TestOutfits" name="test_create_outfit" time="0.544" /><testcase classname="backend.tests.test_checkout_outfits.TestOutfits" name="test_create_outfit_empty_400" time="0.377" /><testcase classname="backend.tests.test_checkout_outfits.TestOutfits" name="test_list_outfits_enriched" time="0.673" /><testcase classname="backend.tests.test_checkout_outfits.TestOutfits" name="test_outfit_add_to_cart" time="0.744" /><testcase classname="backend.tests.test_checkout_outfits.TestOutfits" name="test_outfit_add_to_cart_invalid_id_404" time="0.379" /><testcase classname="backend.tests.test_checkout_outfits.TestOutfits" name="test_delete_outfit" time="0.756" /></testsuite></testsuites>