<?xml version="1.0" encoding="utf-8"?><testsuites name="pytest tests"><testsuite name="pytest" errors="0" failures="0" skipped="0" tests="26" time="16.620" timestamp="2026-05-14T11:50:43.692741+00:00" hostname="agent-env-dacfce02-8a07-4459-a12d-3a21f3665e20"><testcase classname="backend.tests.test_lumi_backend" name="test_health" time="0.133" /><testcase classname="backend.tests.test_lumi_backend.TestAuth" name="test_signup_valid" time="0.278" /><testcase classname="backend.tests.test_lumi_backend.TestAuth" name="test_signup_duplicate" time="0.324" /><testcase classname="backend.tests.test_lumi_backend.TestAuth" name="test_signup_weak_password" time="0.052" /><testcase classname="backend.tests.test_lumi_backend.TestAuth" name="test_login_valid" time="0.274" /><testcase classname="backend.tests.test_lumi_backend.TestAuth" name="test_login_wrong_password" time="0.281" /><testcase classname="backend.tests.test_lumi_backend.TestAuth" name="test_me_with_jwt" time="0.050" /><testcase classname="backend.tests.test_lumi_backend.TestAuth" name="test_me_without_jwt" time="0.046" /><testcase classname="backend.tests.test_lumi_backend.TestProducts" name="test_list_no_filters" time="0.050" /><testcase classname="backend.tests.test_lumi_backend.TestProducts" name="test_list_with_filter[params0-style-streetwear]" time="0.051" /><testcase classname="backend.tests.test_lumi_backend.TestProducts" name="test_list_with_filter[params1-brand-Zara]" time="0.052" /><testcase classname="backend.tests.test_lumi_backend.TestProducts" name="test_list_with_filter[params2-None-None]" time="0.050" /><testcase classname="backend.tests.test_lumi_backend.TestProducts" name="test_list_with_filter[params3-None-None]" time="0.050" /><testcase classname="backend.tests.test_lumi_backend.TestProducts" name="test_list_with_filter[params4-sustainable-True]" time="0.050" /><testcase classname="backend.tests.test_lumi_backend.TestProducts" name="test_list_with_filter[params5-budget_category-$100+]" time="0.063" /><testcase classname="backend.tests.test_lumi_backend.TestProducts" name="test_filters" time="0.051" /><testcase classname="backend.tests.test_lumi_backend.TestProducts" name="test_get_product_valid_and_404" time="0.148" /><testcase classname="backend.tests.test_lumi_backend.TestProducts" name="test_similar" time="0.105" /><testcase classname="backend.tests.test_lumi_backend.TestBeauty" name="test_list_all" time="0.051" /><testcase classname="backend.tests.test_lumi_backend.TestBeauty" name="test_list_foundation" time="0.050" /><testcase classname="backend.tests.test_lumi_backend.TestWishlist" name="test_full_flow" time="0.312" /><testcase classname="backend.tests.test_lumi_backend.TestCart" name="test_full_flow" time="0.457" /><testcase classname="backend.tests.test_lumi_backend.TestStyle" name="test_quiz_streetwear" time="0.103" /><testcase classname="backend.tests.test_lumi_backend.TestStyle" name="test_quiz_minimalist" time="0.324" /><testcase classname="backend.tests.test_lumi_backend.TestFaceScan" name="test_face_scan_and_latest" time="4.755" /><testcase classname="backend.tests.test_lumi_backend.TestStylist" name="test_chat_flow" time="8.432" /></testsuite></testsuites>