<?xml version="1.0" encoding="utf-8"?><testsuites name="pytest tests"><testsuite name="pytest" errors="0" failures="0" skipped="0" tests="25" time="3.231" timestamp="2026-05-14T12:50:19.289629+00:00" hostname="agent-env-dacfce02-8a07-4459-a12d-3a21f3665e20"><testcase classname="backend.tests.test_stores_retailer.TestStoresNearby" name="test_nearby_no_product" time="0.316" /><testcase classname="backend.tests.test_stores_retailer.TestStoresNearby" name="test_nearby_with_valid_product" time="0.202" /><testcase classname="backend.tests.test_stores_retailer.TestStoresNearby" name="test_nearby_invalid_product_404" time="0.070" /><testcase classname="backend.tests.test_stores_retailer.TestStoresNearby" name="test_nearby_radius_filter" time="0.131" /><testcase classname="backend.tests.test_stores_retailer.TestStoresNearby" name="test_nearby_custom_lat_lng" time="0.073" /><testcase classname="backend.tests.test_stores_retailer.TestStoresNearby" name="test_nearby_is_public" time="0.179" /><testcase classname="backend.tests.test_stores_retailer.TestReservations" name="test_reserve_requires_auth" time="0.148" /><testcase classname="backend.tests.test_stores_retailer.TestReservations" name="test_reserve_valid" time="0.388" /><testcase classname="backend.tests.test_stores_retailer.TestReservations" name="test_reserve_invalid_store_404" time="0.066" /><testcase classname="backend.tests.test_stores_retailer.TestReservations" name="test_reserve_invalid_product_404" time="0.080" /><testcase classname="backend.tests.test_stores_retailer.TestReservations" name="test_list_reservations" time="0.095" /><testcase classname="backend.tests.test_stores_retailer.TestReservations" name="test_list_reservations_requires_auth" time="0.067" /><testcase classname="backend.tests.test_stores_retailer.TestPriceAlerts" name="test_create_requires_auth" time="0.063" /><testcase classname="backend.tests.test_stores_retailer.TestPriceAlerts" name="test_list_requires_auth" time="0.068" /><testcase classname="backend.tests.test_stores_retailer.TestPriceAlerts" name="test_create_alert" time="0.065" /><testcase classname="backend.tests.test_stores_retailer.TestPriceAlerts" name="test_repost_updates" time="0.064" /><testcase classname="backend.tests.test_stores_retailer.TestPriceAlerts" name="test_list_enriched" time="0.067" /><testcase classname="backend.tests.test_stores_retailer.TestPriceAlerts" name="test_delete_alert" time="0.231" /><testcase classname="backend.tests.test_stores_retailer.TestProductTracking" name="test_track_requires_auth" time="0.065" /><testcase classname="backend.tests.test_stores_retailer.TestProductTracking" name="test_track_view" time="0.080" /><testcase classname="backend.tests.test_stores_retailer.TestProductTracking" name="test_track_click" time="0.081" /><testcase classname="backend.tests.test_stores_retailer.TestRetailer" name="test_brands_public" time="0.066" /><testcase classname="backend.tests.test_stores_retailer.TestRetailer" name="test_analytics_unknown_404" time="0.066" /><testcase classname="backend.tests.test_stores_retailer.TestRetailer" name="test_analytics_valid" time="0.133" /><testcase classname="backend.tests.test_stores_retailer.TestRetailer" name="test_analytics_is_public" time="0.298" /></testsuite></testsuites>